This is pdfTeX, Version 3.14159265-2.6-1.40.15 (TeX Live 2014) (preloaded format=pdflatex 2014.5.25)  12 OCT 2016 10:19
entering extended mode
 \write18 enabled.
 file:line:error style messages enabled.
 %&-line parsing enabled.
**julia-cheatsheet.tex
(./julia-cheatsheet.tex
LaTeX2e <2014/05/01>
Babel <3.9k> and hyphenation patterns for 78 languages loaded.
(/usr/local/texlive/2014/texmf-dist/tex/latex/base/article.cls
Document Class: article 2007/10/19 v1.4h Standard LaTeX document class
(/usr/local/texlive/2014/texmf-dist/tex/latex/base/size10.clo
File: size10.clo 2007/10/19 v1.4h Standard LaTeX file (size option)
)
\c@part=\count79
\c@section=\count80
\c@subsection=\count81
\c@subsubsection=\count82
\c@paragraph=\count83
\c@subparagraph=\count84
\c@figure=\count85
\c@table=\count86
\abovecaptionskip=\skip41
\belowcaptionskip=\skip42
\bibindent=\dimen102
)
(/usr/local/texlive/2014/texmf-dist/tex/latex/graphics/graphicx.sty
Package: graphicx 2014/04/25 v1.0g Enhanced LaTeX Graphics (DPC,SPQR)

(/usr/local/texlive/2014/texmf-dist/tex/latex/graphics/keyval.sty
Package: keyval 2014/05/08 v1.15 key=value parser (DPC)
\KV@toks@=\toks14
)
(/usr/local/texlive/2014/texmf-dist/tex/latex/graphics/graphics.sty
Package: graphics 2009/02/05 v1.0o Standard LaTeX Graphics (DPC,SPQR)

(/usr/local/texlive/2014/texmf-dist/tex/latex/graphics/trig.sty
Package: trig 1999/03/16 v1.09 sin cos tan (DPC)
)
(/usr/local/texlive/2014/texmf-dist/tex/latex/latexconfig/graphics.cfg
File: graphics.cfg 2010/04/23 v1.9 graphics configuration of TeX Live
)
Package graphics Info: Driver file: pdftex.def on input line 91.

(/usr/local/texlive/2014/texmf-dist/tex/latex/pdftex-def/pdftex.def
File: pdftex.def 2011/05/27 v0.06d Graphics/color for pdfTeX

(/usr/local/texlive/2014/texmf-dist/tex/generic/oberdiek/infwarerr.sty
Package: infwarerr 2010/04/08 v1.3 Providing info/warning/error messages (HO)
)
(/usr/local/texlive/2014/texmf-dist/tex/generic/oberdiek/ltxcmds.sty
Package: ltxcmds 2011/11/09 v1.22 LaTeX kernel commands for general use (HO)
)
\Gread@gobject=\count87
))
\Gin@req@height=\dimen103
\Gin@req@width=\dimen104
)
(/usr/local/texlive/2014/texmf-dist/tex/latex/amsfonts/amssymb.sty
Package: amssymb 2013/01/14 v3.01 AMS font symbols

(/usr/local/texlive/2014/texmf-dist/tex/latex/amsfonts/amsfonts.sty
Package: amsfonts 2013/01/14 v3.01 Basic AMSFonts support
\@emptytoks=\toks15
\symAMSa=\mathgroup4
\symAMSb=\mathgroup5
LaTeX Font Info:    Overwriting math alphabet `\mathfrak' in version `bold'
(Font)                  U/euf/m/n --> U/euf/b/n on input line 106.
))
(/usr/local/texlive/2014/texmf-dist/tex/latex/amscls/amsthm.sty
Package: amsthm 2004/08/06 v2.20
\thm@style=\toks16
\thm@bodyfont=\toks17
\thm@headfont=\toks18
\thm@notefont=\toks19
\thm@headpunct=\toks20
\thm@preskip=\skip43
\thm@postskip=\skip44
\thm@headsep=\skip45
\dth@everypar=\toks21
)
(/usr/local/texlive/2014/texmf-dist/tex/latex/amsmath/amsmath.sty
Package: amsmath 2013/01/14 v2.14 AMS math features
\@mathmargin=\skip46

For additional information on amsmath, use the `?' option.
(/usr/local/texlive/2014/texmf-dist/tex/latex/amsmath/amstext.sty
Package: amstext 2000/06/29 v2.01

(/usr/local/texlive/2014/texmf-dist/tex/latex/amsmath/amsgen.sty
File: amsgen.sty 1999/11/30 v2.0
\@emptytoks=\toks22
\ex@=\dimen105
))
(/usr/local/texlive/2014/texmf-dist/tex/latex/amsmath/amsbsy.sty
Package: amsbsy 1999/11/29 v1.2d
\pmbraise@=\dimen106
)
(/usr/local/texlive/2014/texmf-dist/tex/latex/amsmath/amsopn.sty
Package: amsopn 1999/12/14 v2.01 operator names
)
\inf@bad=\count88
LaTeX Info: Redefining \frac on input line 210.
\uproot@=\count89
\leftroot@=\count90
LaTeX Info: Redefining \overline on input line 306.
\classnum@=\count91
\DOTSCASE@=\count92
LaTeX Info: Redefining \ldots on input line 378.
LaTeX Info: Redefining \dots on input line 381.
LaTeX Info: Redefining \cdots on input line 466.
\Mathstrutbox@=\box26
\strutbox@=\box27
\big@size=\dimen107
LaTeX Font Info:    Redeclaring font encoding OML on input line 566.
LaTeX Font Info:    Redeclaring font encoding OMS on input line 567.
\macc@depth=\count93
\c@MaxMatrixCols=\count94
\dotsspace@=\muskip10
\c@parentequation=\count95
\dspbrk@lvl=\count96
\tag@help=\toks23
\row@=\count97
\column@=\count98
\maxfields@=\count99
\andhelp@=\toks24
\eqnshift@=\dimen108
\alignsep@=\dimen109
\tagshift@=\dimen110
\tagwidth@=\dimen111
\totwidth@=\dimen112
\lineht@=\dimen113
\@envbody=\toks25
\multlinegap=\skip47
\multlinetaggap=\skip48
\mathdisplay@stack=\toks26
LaTeX Info: Redefining \[ on input line 2665.
LaTeX Info: Redefining \] on input line 2666.
)
(/usr/local/texlive/2014/texmf-dist/tex/latex/tools/bm.sty
Package: bm 2004/02/26 v1.1c Bold Symbol Support (DPC/FMi)
\symboldoperators=\mathgroup6
\symboldletters=\mathgroup7
\symboldsymbols=\mathgroup8
LaTeX Font Info:    Redeclaring math alphabet \mathbf on input line 137.
LaTeX Info: Redefining \bm on input line 203.
)
(/usr/local/texlive/2014/texmf-dist/tex/latex/preprint/fullpage.sty
Package: fullpage 1999/02/23 1.1 (PWD)
\FP@margin=\skip49
)
(/usr/local/texlive/2014/texmf-dist/tex/latex/tools/array.sty
Package: array 2008/09/09 v2.4c Tabular extension package (FMi)
\col@sep=\dimen114
\extrarowheight=\dimen115
\NC@list=\toks27
\extratabsurround=\skip50
\backup@length=\skip51
)
(/usr/local/texlive/2014/texmf-dist/tex/latex/tools/longtable.sty
Package: longtable 2004/02/01 v4.11 Multi-page Table package (DPC)
\LTleft=\skip52
\LTright=\skip53
\LTpre=\skip54
\LTpost=\skip55
\LTchunksize=\count100
\LTcapwidth=\dimen116
\LT@head=\box28
\LT@firsthead=\box29
\LT@foot=\box30
\LT@lastfoot=\box31
\LT@cols=\count101
\LT@rows=\count102
\c@LT@tables=\count103
\c@LT@chunks=\count104
\LT@p@ftn=\toks28
)
(/usr/local/texlive/2014/texmf-dist/tex/latex/minted/minted.sty
Package: minted 2011/09/17 v1.7 Yet another Pygments shim for LaTeX

(/usr/local/texlive/2014/texmf-dist/tex/latex/fancyvrb/fancyvrb.sty
Package: fancyvrb 2008/02/07

Style option: `fancyvrb' v2.7a, with DG/SPQR fixes, and firstline=lastline fix 
<2008/02/07> (tvz)
\FV@CodeLineNo=\count105
\FV@InFile=\read1
\FV@TabBox=\box32
\c@FancyVerbLine=\count106
\FV@StepNumber=\count107
\FV@OutFile=\write3
)
(/usr/local/texlive/2014/texmf-dist/tex/latex/xcolor/xcolor.sty
Package: xcolor 2007/01/21 v2.11 LaTeX color extensions (UK)

(/usr/local/texlive/2014/texmf-dist/tex/latex/latexconfig/color.cfg
File: color.cfg 2007/01/18 v1.5 color configuration of teTeX/TeXLive
)
Package xcolor Info: Driver file: pdftex.def on input line 225.
Package xcolor Info: Model `cmy' substituted by `cmy0' on input line 1337.
Package xcolor Info: Model `hsb' substituted by `rgb' on input line 1341.
Package xcolor Info: Model `RGB' extended on input line 1353.
Package xcolor Info: Model `HTML' substituted by `rgb' on input line 1355.
Package xcolor Info: Model `Hsb' substituted by `hsb' on input line 1356.
Package xcolor Info: Model `tHsb' substituted by `hsb' on input line 1357.
Package xcolor Info: Model `HSB' substituted by `hsb' on input line 1358.
Package xcolor Info: Model `Gray' substituted by `gray' on input line 1359.
Package xcolor Info: Model `wave' substituted by `hsb' on input line 1360.
)
(/usr/local/texlive/2014/texmf-dist/tex/latex/float/float.sty
Package: float 2001/11/08 v1.3d Float enhancements (AL)
\c@float@type=\count108
\float@exts=\toks29
\float@box=\box33
\@float@everytoks=\toks30
\@floatcapt=\box34
)
(/usr/local/texlive/2014/texmf-dist/tex/latex/base/ifthen.sty
Package: ifthen 2001/05/26 v1.1c Standard LaTeX ifthen package (DPC)
)
(/usr/local/texlive/2014/texmf-dist/tex/latex/tools/calc.sty
Package: calc 2007/08/22 v4.3 Infix arithmetic (KKT,FJ)
\calc@Acount=\count109
\calc@Bcount=\count110
\calc@Adimen=\dimen117
\calc@Bdimen=\dimen118
\calc@Askip=\skip56
\calc@Bskip=\skip57
LaTeX Info: Redefining \setlength on input line 75.
LaTeX Info: Redefining \addtolength on input line 76.
\calc@Ccount=\count111
\calc@Cskip=\skip58
)
(/usr/local/texlive/2014/texmf-dist/tex/latex/ifplatform/ifplatform.sty
Package: ifplatform 2010/10/22 v0.4 Testing for the operating system

(/usr/local/texlive/2014/texmf-dist/tex/generic/oberdiek/pdftexcmds.sty
Package: pdftexcmds 2011/11/29 v0.20 Utility functions of pdfTeX for LuaTeX (HO
)

(/usr/local/texlive/2014/texmf-dist/tex/generic/oberdiek/ifluatex.sty
Package: ifluatex 2010/03/01 v1.3 Provides the ifluatex switch (HO)
Package ifluatex Info: LuaTeX not detected.
)
(/usr/local/texlive/2014/texmf-dist/tex/generic/oberdiek/ifpdf.sty
Package: ifpdf 2011/01/30 v2.3 Provides the ifpdf switch (HO)
Package ifpdf Info: pdfTeX in PDF mode is detected.
)
Package pdftexcmds Info: LuaTeX not detected.
Package pdftexcmds Info: \pdf@primitive is available.
Package pdftexcmds Info: \pdf@ifprimitive is available.
Package pdftexcmds Info: \pdfdraftmode found.
)
(/usr/local/texlive/2014/texmf-dist/tex/generic/oberdiek/catchfile.sty
Package: catchfile 2011/03/01 v1.6 Catch the contents of a file (HO)

(/usr/local/texlive/2014/texmf-dist/tex/generic/oberdiek/etexcmds.sty
Package: etexcmds 2011/02/16 v1.5 Avoid name clashes with e-TeX commands (HO)
Package etexcmds Info: Could not find \expanded.
(etexcmds)             That can mean that you are not using pdfTeX 1.50 or
(etexcmds)             that some package has redefined \expanded.
(etexcmds)             In the latter case, load this package earlier.
))
runsystem(uname -s > "julia-cheatsheet.w18")...executed.


(./julia-cheatsheet.w18)
runsystem(rm -- "julia-cheatsheet.w18")...executed.

)
\minted@bgbox=\box35
\minted@code=\write4
\@float@every@listing=\toks31
\c@listing=\count112
)
runsystem(which pygmentize && touch julia-cheatsheet.aex)...executed.

runsystem(rm julia-cheatsheet.aex)...executed.


(/usr/local/texlive/2014/texmf-dist/tex/latex/geometry/geometry.sty
Package: geometry 2010/09/12 v5.6 Page Geometry

(/usr/local/texlive/2014/texmf-dist/tex/generic/oberdiek/ifvtex.sty
Package: ifvtex 2010/03/01 v1.5 Detect VTeX and its facilities (HO)
Package ifvtex Info: VTeX not detected.
)
(/usr/local/texlive/2014/texmf-dist/tex/generic/ifxetex/ifxetex.sty
Package: ifxetex 2010/09/12 v0.6 Provides ifxetex conditional
)
\Gm@cnth=\count113
\Gm@cntv=\count114
\c@Gm@tempcnt=\count115
\Gm@bindingoffset=\dimen119
\Gm@wd@mp=\dimen120
\Gm@odd@mp=\dimen121
\Gm@even@mp=\dimen122
\Gm@layoutwidth=\dimen123
\Gm@layoutheight=\dimen124
\Gm@layouthoffset=\dimen125
\Gm@layoutvoffset=\dimen126
\Gm@dimlist=\toks32
)
No file julia-cheatsheet.aux.
\openout1 = `julia-cheatsheet.aux'.

LaTeX Font Info:    Checking defaults for OML/cmm/m/it on input line 12.
LaTeX Font Info:    ... okay on input line 12.
LaTeX Font Info:    Checking defaults for T1/cmr/m/n on input line 12.
LaTeX Font Info:    ... okay on input line 12.
LaTeX Font Info:    Checking defaults for OT1/cmr/m/n on input line 12.
LaTeX Font Info:    ... okay on input line 12.
LaTeX Font Info:    Checking defaults for OMS/cmsy/m/n on input line 12.
LaTeX Font Info:    ... okay on input line 12.
LaTeX Font Info:    Checking defaults for OMX/cmex/m/n on input line 12.
LaTeX Font Info:    ... okay on input line 12.
LaTeX Font Info:    Checking defaults for U/cmr/m/n on input line 12.
LaTeX Font Info:    ... okay on input line 12.
(/usr/local/texlive/2014/texmf-dist/tex/context/base/supp-pdf.mkii
[Loading MPS to PDF converter (version 2006.09.02).]
\scratchcounter=\count116
\scratchdimen=\dimen127
\scratchbox=\box36
\nofMPsegments=\count117
\nofMParguments=\count118
\everyMPshowfont=\toks33
\MPscratchCnt=\count119
\MPscratchDim=\dimen128
\MPnumerator=\count120
\makeMPintoPDFobject=\count121
\everyMPtoPDFconversion=\toks34
) (/usr/local/texlive/2014/texmf-dist/tex/latex/oberdiek/epstopdf-base.sty
Package: epstopdf-base 2010/02/09 v2.5 Base part for package epstopdf

(/usr/local/texlive/2014/texmf-dist/tex/latex/oberdiek/grfext.sty
Package: grfext 2010/08/19 v1.1 Manage graphics extensions (HO)

(/usr/local/texlive/2014/texmf-dist/tex/generic/oberdiek/kvdefinekeys.sty
Package: kvdefinekeys 2011/04/07 v1.3 Define keys (HO)
))
(/usr/local/texlive/2014/texmf-dist/tex/latex/oberdiek/kvoptions.sty
Package: kvoptions 2011/06/30 v3.11 Key value format for package options (HO)

(/usr/local/texlive/2014/texmf-dist/tex/generic/oberdiek/kvsetkeys.sty
Package: kvsetkeys 2012/04/25 v1.16 Key value parser (HO)
))
Package grfext Info: Graphics extension search list:
(grfext)             [.png,.pdf,.jpg,.mps,.jpeg,.jbig2,.jb2,.PNG,.PDF,.JPG,.JPE
G,.JBIG2,.JB2,.eps]
(grfext)             \AppendGraphicsExtensions on input line 452.

(/usr/local/texlive/2014/texmf-dist/tex/latex/latexconfig/epstopdf-sys.cfg
File: epstopdf-sys.cfg 2010/07/13 v1.3 Configuration of (r)epstopdf for TeX Liv
e
))
runsystem(pygmentize -S default -f latex > julia-cheatsheet.pyg)...executed.


(./julia-cheatsheet.pyg)
*geometry* driver: auto-detecting
*geometry* detected driver: pdftex
*geometry* verbose mode - [ preamble ] result:
* driver: pdftex
* paper: <default>
* layout: <same size as paper>
* layoutoffset:(h,v)=(0.0pt,0.0pt)
* modes: 
* h-part:(L,W,R)=(56.9055pt, 500.484pt, 56.9055pt)
* v-part:(T,H,B)=(56.9055pt, 681.15898pt, 56.9055pt)
* \paperwidth=614.295pt
* \paperheight=794.96999pt
* \textwidth=500.484pt
* \textheight=681.15898pt
* \oddsidemargin=-15.36449pt
* \evensidemargin=-15.36449pt
* \topmargin=-15.36449pt
* \headheight=0.0pt
* \headsep=0.0pt
* \topskip=10.0pt
* \footskip=30.0pt
* \marginparwidth=65.0pt
* \marginparsep=11.0pt
* \columnsep=10.0pt
* \skip\footins=9.0pt plus 4.0pt minus 2.0pt
* \hoffset=0.0pt
* \voffset=0.0pt
* \mag=1000
* \@twocolumnfalse
* \@twosidefalse
* \@mparswitchfalse
* \@reversemarginfalse
* (1in=72.27pt=25.4mm, 1cm=28.453pt)

LaTeX Font Info:    Try loading font information for U+msa on input line 17.
(/usr/local/texlive/2014/texmf-dist/tex/latex/amsfonts/umsa.fd
File: umsa.fd 2013/01/14 v3.01 AMS symbols A
)
LaTeX Font Info:    Try loading font information for U+msb on input line 17.

(/usr/local/texlive/2014/texmf-dist/tex/latex/amsfonts/umsb.fd
File: umsb.fd 2013/01/14 v3.01 AMS symbols B
)

LaTeX Warning: No \author given.

\openout3 = `julia-cheatsheet.pyg'.

runsystem(pygmentize -l julia -f latex -F tokenmerge             -P "verboption
s= " -o julia-cheatsheet.out.pyg julia-cheatsheet.pyg)...executed.

(./julia-cheatsheet.out.pyg)
runsystem(rm julia-cheatsheet.out.pyg)...executed.

runsystem(rm julia-cheatsheet.pyg)...executed.

\openout3 = `julia-cheatsheet.pyg'.

runsystem(pygmentize -l julia -f latex -F tokenmerge             -P "verboption
s= " -o julia-cheatsheet.out.pyg julia-cheatsheet.pyg)...executed.

 (./julia-cheatsheet.out.pyg)
runsystem(rm julia-cheatsheet.out.pyg)...executed.

runsystem(rm julia-cheatsheet.pyg)...executed.

\openout3 = `julia-cheatsheet.pyg'.

runsystem(pygmentize -l julia -f latex -F tokenmerge             -P "verboption
s= " -o julia-cheatsheet.out.pyg julia-cheatsheet.pyg)...executed.


(./julia-cheatsheet.out.pyg)
runsystem(rm julia-cheatsheet.out.pyg)...executed.

runsystem(rm julia-cheatsheet.pyg)...executed.


Overfull \hbox (8.41281pt too wide) in alignment at lines 22--45
 [] [] 
 []


Underfull \vbox (badness 10000) detected at line 45
 []

\openout3 = `julia-cheatsheet.pyg'.

runsystem(pygmentize -l julia -f latex -F tokenmerge             -P "verboption
s= " -o julia-cheatsheet.out.pyg julia-cheatsheet.pyg)...executed.

(./julia-cheatsheet.out.pyg)
runsystem(rm julia-cheatsheet.out.pyg)...executed.

runsystem(rm julia-cheatsheet.pyg)...executed.

\openout3 = `julia-cheatsheet.pyg'.

runsystem(pygmentize -l julia -f latex -F tokenmerge             -P "verboption
s= " -o julia-cheatsheet.out.pyg julia-cheatsheet.pyg)...executed.

 (./julia-cheatsheet.out.pyg)
runsystem(rm julia-cheatsheet.out.pyg)...executed.

runsystem(rm julia-cheatsheet.pyg)...executed.

\openout3 = `julia-cheatsheet.pyg'.

runsystem(pygmentize -l julia -f latex -F tokenmerge             -P "verboption
s= " -o julia-cheatsheet.out.pyg julia-cheatsheet.pyg)...executed.


(./julia-cheatsheet.out.pyg)
runsystem(rm julia-cheatsheet.out.pyg)...executed.

runsystem(rm julia-cheatsheet.pyg)...executed.

\openout3 = `julia-cheatsheet.pyg'.

runsystem(pygmentize -l julia -f latex -F tokenmerge             -P "verboption
s= " -o julia-cheatsheet.out.pyg julia-cheatsheet.pyg)...executed.

 (./julia-cheatsheet.out.pyg)
runsystem(rm julia-cheatsheet.out.pyg)...executed.

runsystem(rm julia-cheatsheet.pyg)...executed.

\openout3 = `julia-cheatsheet.pyg'.

runsystem(pygmentize -l julia -f latex -F tokenmerge             -P "verboption
s= " -o julia-cheatsheet.out.pyg julia-cheatsheet.pyg)...executed.


(./julia-cheatsheet.out.pyg)
runsystem(rm julia-cheatsheet.out.pyg)...executed.

runsystem(rm julia-cheatsheet.pyg)...executed.

\openout3 = `julia-cheatsheet.pyg'.

runsystem(pygmentize -l julia -f latex -F tokenmerge             -P "verboption
s= " -o julia-cheatsheet.out.pyg julia-cheatsheet.pyg)...executed.

 (./julia-cheatsheet.out.pyg)
runsystem(rm julia-cheatsheet.out.pyg)...executed.

runsystem(rm julia-cheatsheet.pyg)...executed.

\openout3 = `julia-cheatsheet.pyg'.

runsystem(pygmentize -l julia -f latex -F tokenmerge             -P "verboption
s= " -o julia-cheatsheet.out.pyg julia-cheatsheet.pyg)...executed.


(./julia-cheatsheet.out.pyg)
runsystem(rm julia-cheatsheet.out.pyg)...executed.

runsystem(rm julia-cheatsheet.pyg)...executed.

\openout3 = `julia-cheatsheet.pyg'.

runsystem(pygmentize -l julia -f latex -F tokenmerge             -P "verboption
s= " -o julia-cheatsheet.out.pyg julia-cheatsheet.pyg)...executed.

 (./julia-cheatsheet.out.pyg)
runsystem(rm julia-cheatsheet.out.pyg)...executed.

runsystem(rm julia-cheatsheet.pyg)...executed.

\openout3 = `julia-cheatsheet.pyg'.

runsystem(pygmentize -l julia -f latex -F tokenmerge             -P "verboption
s= " -o julia-cheatsheet.out.pyg julia-cheatsheet.pyg)...executed.


(./julia-cheatsheet.out.pyg)
runsystem(rm julia-cheatsheet.out.pyg)...executed.

runsystem(rm julia-cheatsheet.pyg)...executed.

\openout3 = `julia-cheatsheet.pyg'.

runsystem(pygmentize -l julia -f latex -F tokenmerge             -P "verboption
s= " -o julia-cheatsheet.out.pyg julia-cheatsheet.pyg)...executed.

 (./julia-cheatsheet.out.pyg)
runsystem(rm julia-cheatsheet.out.pyg)...executed.

runsystem(rm julia-cheatsheet.pyg)...executed.

\openout3 = `julia-cheatsheet.pyg'.

runsystem(pygmentize -l julia -f latex -F tokenmerge             -P "verboption
s= " -o julia-cheatsheet.out.pyg julia-cheatsheet.pyg)...executed.


(./julia-cheatsheet.out.pyg)
runsystem(rm julia-cheatsheet.out.pyg)...executed.

runsystem(rm julia-cheatsheet.pyg)...executed.

LaTeX Font Info:    Try loading font information for OMS+cmr on input line 133.


(/usr/local/texlive/2014/texmf-dist/tex/latex/base/omscmr.fd
File: omscmr.fd 1999/05/25 v2.5h Standard LaTeX font definitions
)
LaTeX Font Info:    Font shape `OMS/cmr/m/n' in size <10> not available
(Font)              Font shape `OMS/cmsy/m/n' tried instead on input line 133.
\openout3 = `julia-cheatsheet.pyg'.

runsystem(pygmentize -l julia -f latex -F tokenmerge             -P "verboption
s= " -o julia-cheatsheet.out.pyg julia-cheatsheet.pyg)...executed.


(./julia-cheatsheet.out.pyg)
runsystem(rm julia-cheatsheet.out.pyg)...executed.

runsystem(rm julia-cheatsheet.pyg)...executed.

\openout3 = `julia-cheatsheet.pyg'.

runsystem(pygmentize -l julia -f latex -F tokenmerge             -P "verboption
s= " -o julia-cheatsheet.out.pyg julia-cheatsheet.pyg)...executed.

 (./julia-cheatsheet.out.pyg)
runsystem(rm julia-cheatsheet.out.pyg)...executed.

runsystem(rm julia-cheatsheet.pyg)...executed.

\openout3 = `julia-cheatsheet.pyg'.

runsystem(pygmentize -l julia -f latex -F tokenmerge             -P "verboption
s= " -o julia-cheatsheet.out.pyg julia-cheatsheet.pyg)...executed.


(./julia-cheatsheet.out.pyg)
runsystem(rm julia-cheatsheet.out.pyg)...executed.

runsystem(rm julia-cheatsheet.pyg)...executed.

\openout3 = `julia-cheatsheet.pyg'.

runsystem(pygmentize -l julia -f latex -F tokenmerge             -P "verboption
s= " -o julia-cheatsheet.out.pyg julia-cheatsheet.pyg)...executed.

 (./julia-cheatsheet.out.pyg)
runsystem(rm julia-cheatsheet.out.pyg)...executed.

runsystem(rm julia-cheatsheet.pyg)...executed.

\openout3 = `julia-cheatsheet.pyg'.

runsystem(pygmentize -l julia -f latex -F tokenmerge             -P "verboption
s= " -o julia-cheatsheet.out.pyg julia-cheatsheet.pyg)...executed.


(./julia-cheatsheet.out.pyg)
runsystem(rm julia-cheatsheet.out.pyg)...executed.

runsystem(rm julia-cheatsheet.pyg)...executed.

\openout3 = `julia-cheatsheet.pyg'.

runsystem(pygmentize -l julia -f latex -F tokenmerge             -P "verboption
s= " -o julia-cheatsheet.out.pyg julia-cheatsheet.pyg)...executed.

 (./julia-cheatsheet.out.pyg)
runsystem(rm julia-cheatsheet.out.pyg)...executed.

runsystem(rm julia-cheatsheet.pyg)...executed.

\openout3 = `julia-cheatsheet.pyg'.

runsystem(pygmentize -l julia -f latex -F tokenmerge             -P "verboption
s= " -o julia-cheatsheet.out.pyg julia-cheatsheet.pyg)...executed.


(./julia-cheatsheet.out.pyg)
runsystem(rm julia-cheatsheet.out.pyg)...executed.

runsystem(rm julia-cheatsheet.pyg)...executed.

\openout3 = `julia-cheatsheet.pyg'.

runsystem(pygmentize -l julia -f latex -F tokenmerge             -P "verboption
s= " -o julia-cheatsheet.out.pyg julia-cheatsheet.pyg)...executed.

 (./julia-cheatsheet.out.pyg)
runsystem(rm julia-cheatsheet.out.pyg)...executed.

runsystem(rm julia-cheatsheet.pyg)...executed.

\openout3 = `julia-cheatsheet.pyg'.

runsystem(pygmentize -l julia -f latex -F tokenmerge             -P "verboption
s= " -o julia-cheatsheet.out.pyg julia-cheatsheet.pyg)...executed.


(./julia-cheatsheet.out.pyg)
runsystem(rm julia-cheatsheet.out.pyg)...executed.

runsystem(rm julia-cheatsheet.pyg)...executed.

\openout3 = `julia-cheatsheet.pyg'.

runsystem(pygmentize -l julia -f latex -F tokenmerge             -P "verboption
s= " -o julia-cheatsheet.out.pyg julia-cheatsheet.pyg)...executed.

 (./julia-cheatsheet.out.pyg)
runsystem(rm julia-cheatsheet.out.pyg)...executed.

runsystem(rm julia-cheatsheet.pyg)...executed.

\openout3 = `julia-cheatsheet.pyg'.

runsystem(pygmentize -l julia -f latex -F tokenmerge             -P "verboption
s= " -o julia-cheatsheet.out.pyg julia-cheatsheet.pyg)...executed.


(./julia-cheatsheet.out.pyg)
runsystem(rm julia-cheatsheet.out.pyg)...executed.

runsystem(rm julia-cheatsheet.pyg)...executed.

\openout3 = `julia-cheatsheet.pyg'.

runsystem(pygmentize -l julia -f latex -F tokenmerge             -P "verboption
s= " -o julia-cheatsheet.out.pyg julia-cheatsheet.pyg)...executed.

 (./julia-cheatsheet.out.pyg)
runsystem(rm julia-cheatsheet.out.pyg)...executed.

runsystem(rm julia-cheatsheet.pyg)...executed.

\openout3 = `julia-cheatsheet.pyg'.

runsystem(pygmentize -l julia -f latex -F tokenmerge             -P "verboption
s= " -o julia-cheatsheet.out.pyg julia-cheatsheet.pyg)...executed.


(./julia-cheatsheet.out.pyg)
runsystem(rm julia-cheatsheet.out.pyg)...executed.

runsystem(rm julia-cheatsheet.pyg)...executed.


Overfull \hbox (8.41281pt too wide) in alignment at lines 50--246
 [] [] 
 []


Underfull \vbox (badness 10000) detected at line 246
 []

[1

{/usr/local/texlive/2014/texmf-var/fonts/map/pdftex/updmap/pdftex.map}]
[2]
\openout3 = `julia-cheatsheet.pyg'.

runsystem(pygmentize -l julia -f latex -F tokenmerge             -P "verboption
s= " -o julia-cheatsheet.out.pyg julia-cheatsheet.pyg)...executed.

 (./julia-cheatsheet.out.pyg)
runsystem(rm julia-cheatsheet.out.pyg)...executed.

runsystem(rm julia-cheatsheet.pyg)...executed.

\openout3 = `julia-cheatsheet.pyg'.

runsystem(pygmentize -l julia -f latex -F tokenmerge             -P "verboption
s= " -o julia-cheatsheet.out.pyg julia-cheatsheet.pyg)...executed.

 (./julia-cheatsheet.out.pyg)
runsystem(rm julia-cheatsheet.out.pyg)...executed.

runsystem(rm julia-cheatsheet.pyg)...executed.

\openout3 = `julia-cheatsheet.pyg'.

runsystem(pygmentize -l julia -f latex -F tokenmerge             -P "verboption
s= " -o julia-cheatsheet.out.pyg julia-cheatsheet.pyg)...executed.


(./julia-cheatsheet.out.pyg)
runsystem(rm julia-cheatsheet.out.pyg)...executed.

runsystem(rm julia-cheatsheet.pyg)...executed.

\openout3 = `julia-cheatsheet.pyg'.

runsystem(pygmentize -l julia -f latex -F tokenmerge             -P "verboption
s= " -o julia-cheatsheet.out.pyg julia-cheatsheet.pyg)...executed.

 (./julia-cheatsheet.out.pyg)
runsystem(rm julia-cheatsheet.out.pyg)...executed.

runsystem(rm julia-cheatsheet.pyg)...executed.

\openout3 = `julia-cheatsheet.pyg'.

runsystem(pygmentize -l julia -f latex -F tokenmerge             -P "verboption
s= " -o julia-cheatsheet.out.pyg julia-cheatsheet.pyg)...executed.


(./julia-cheatsheet.out.pyg)
runsystem(rm julia-cheatsheet.out.pyg)...executed.

runsystem(rm julia-cheatsheet.pyg)...executed.

\openout3 = `julia-cheatsheet.pyg'.

runsystem(pygmentize -l julia -f latex -F tokenmerge             -P "verboption
s= " -o julia-cheatsheet.out.pyg julia-cheatsheet.pyg)...executed.

 (./julia-cheatsheet.out.pyg)
runsystem(rm julia-cheatsheet.out.pyg)...executed.

runsystem(rm julia-cheatsheet.pyg)...executed.

\openout3 = `julia-cheatsheet.pyg'.

runsystem(pygmentize -l julia -f latex -F tokenmerge             -P "verboption
s= " -o julia-cheatsheet.out.pyg julia-cheatsheet.pyg)...executed.


(./julia-cheatsheet.out.pyg)
runsystem(rm julia-cheatsheet.out.pyg)...executed.

runsystem(rm julia-cheatsheet.pyg)...executed.

\openout3 = `julia-cheatsheet.pyg'.

runsystem(pygmentize -l julia -f latex -F tokenmerge             -P "verboption
s= " -o julia-cheatsheet.out.pyg julia-cheatsheet.pyg)...executed.

 (./julia-cheatsheet.out.pyg)
runsystem(rm julia-cheatsheet.out.pyg)...executed.

runsystem(rm julia-cheatsheet.pyg)...executed.

\openout3 = `julia-cheatsheet.pyg'.

runsystem(pygmentize -l julia -f latex -F tokenmerge             -P "verboption
s= " -o julia-cheatsheet.out.pyg julia-cheatsheet.pyg)...executed.


(./julia-cheatsheet.out.pyg)
runsystem(rm julia-cheatsheet.out.pyg)...executed.

runsystem(rm julia-cheatsheet.pyg)...executed.

\openout3 = `julia-cheatsheet.pyg'.

runsystem(pygmentize -l julia -f latex -F tokenmerge             -P "verboption
s= " -o julia-cheatsheet.out.pyg julia-cheatsheet.pyg)...executed.

 (./julia-cheatsheet.out.pyg)
runsystem(rm julia-cheatsheet.out.pyg)...executed.

runsystem(rm julia-cheatsheet.pyg)...executed.

\openout3 = `julia-cheatsheet.pyg'.

runsystem(pygmentize -l julia -f latex -F tokenmerge             -P "verboption
s= " -o julia-cheatsheet.out.pyg julia-cheatsheet.pyg)...executed.


(./julia-cheatsheet.out.pyg)
runsystem(rm julia-cheatsheet.out.pyg)...executed.

runsystem(rm julia-cheatsheet.pyg)...executed.

\openout3 = `julia-cheatsheet.pyg'.

runsystem(pygmentize -l julia -f latex -F tokenmerge             -P "verboption
s= " -o julia-cheatsheet.out.pyg julia-cheatsheet.pyg)...executed.

 (./julia-cheatsheet.out.pyg)
runsystem(rm julia-cheatsheet.out.pyg)...executed.

runsystem(rm julia-cheatsheet.pyg)...executed.

\openout3 = `julia-cheatsheet.pyg'.

runsystem(pygmentize -l julia -f latex -F tokenmerge             -P "verboption
s= " -o julia-cheatsheet.out.pyg julia-cheatsheet.pyg)...executed.


(./julia-cheatsheet.out.pyg)
runsystem(rm julia-cheatsheet.out.pyg)...executed.

runsystem(rm julia-cheatsheet.pyg)...executed.


Overfull \hbox (8.41281pt too wide) in alignment at lines 250--355
 [] [] 
 []


Underfull \vbox (badness 10000) detected at line 355
 []

[3]
\openout3 = `julia-cheatsheet.pyg'.

runsystem(pygmentize -l julia -f latex -F tokenmerge             -P "verboption
s= " -o julia-cheatsheet.out.pyg julia-cheatsheet.pyg)...executed.

 (./julia-cheatsheet.out.pyg)
runsystem(rm julia-cheatsheet.out.pyg)...executed.

runsystem(rm julia-cheatsheet.pyg)...executed.

\openout3 = `julia-cheatsheet.pyg'.

runsystem(pygmentize -l julia -f latex -F tokenmerge             -P "verboption
s= " -o julia-cheatsheet.out.pyg julia-cheatsheet.pyg)...executed.

 (./julia-cheatsheet.out.pyg
LaTeX Font Info:    Font shape `OT1/cmtt/bx/n' in size <10> not available
(Font)              Font shape `OT1/cmtt/m/n' tried instead on input line 2.
)
runsystem(rm julia-cheatsheet.out.pyg)...executed.

runsystem(rm julia-cheatsheet.pyg)...executed.

\openout3 = `julia-cheatsheet.pyg'.

runsystem(pygmentize -l julia -f latex -F tokenmerge             -P "verboption
s= " -o julia-cheatsheet.out.pyg julia-cheatsheet.pyg)...executed.


(./julia-cheatsheet.out.pyg)
runsystem(rm julia-cheatsheet.out.pyg)...executed.

runsystem(rm julia-cheatsheet.pyg)...executed.

\openout3 = `julia-cheatsheet.pyg'.

runsystem(pygmentize -l julia -f latex -F tokenmerge             -P "verboption
s= " -o julia-cheatsheet.out.pyg julia-cheatsheet.pyg)...executed.

 (./julia-cheatsheet.out.pyg)
runsystem(rm julia-cheatsheet.out.pyg)...executed.

runsystem(rm julia-cheatsheet.pyg)...executed.

\openout3 = `julia-cheatsheet.pyg'.

runsystem(pygmentize -l julia -f latex -F tokenmerge             -P "verboption
s= " -o julia-cheatsheet.out.pyg julia-cheatsheet.pyg)...executed.


(./julia-cheatsheet.out.pyg)
runsystem(rm julia-cheatsheet.out.pyg)...executed.

runsystem(rm julia-cheatsheet.pyg)...executed.

\openout3 = `julia-cheatsheet.pyg'.

runsystem(pygmentize -l julia -f latex -F tokenmerge             -P "verboption
s= " -o julia-cheatsheet.out.pyg julia-cheatsheet.pyg)...executed.

 (./julia-cheatsheet.out.pyg)
runsystem(rm julia-cheatsheet.out.pyg)...executed.

runsystem(rm julia-cheatsheet.pyg)...executed.

\openout3 = `julia-cheatsheet.pyg'.

runsystem(pygmentize -l julia -f latex -F tokenmerge             -P "verboption
s= " -o julia-cheatsheet.out.pyg julia-cheatsheet.pyg)...executed.


(./julia-cheatsheet.out.pyg)
runsystem(rm julia-cheatsheet.out.pyg)...executed.

runsystem(rm julia-cheatsheet.pyg)...executed.

\openout3 = `julia-cheatsheet.pyg'.

runsystem(pygmentize -l julia -f latex -F tokenmerge             -P "verboption
s= " -o julia-cheatsheet.out.pyg julia-cheatsheet.pyg)...executed.

 (./julia-cheatsheet.out.pyg)
runsystem(rm julia-cheatsheet.out.pyg)...executed.

runsystem(rm julia-cheatsheet.pyg)...executed.

\openout3 = `julia-cheatsheet.pyg'.

runsystem(pygmentize -l julia -f latex -F tokenmerge             -P "verboption
s= " -o julia-cheatsheet.out.pyg julia-cheatsheet.pyg)...executed.


(./julia-cheatsheet.out.pyg)
runsystem(rm julia-cheatsheet.out.pyg)...executed.

runsystem(rm julia-cheatsheet.pyg)...executed.

\openout3 = `julia-cheatsheet.pyg'.

runsystem(pygmentize -l julia -f latex -F tokenmerge             -P "verboption
s= " -o julia-cheatsheet.out.pyg julia-cheatsheet.pyg)...executed.

 (./julia-cheatsheet.out.pyg)
runsystem(rm julia-cheatsheet.out.pyg)...executed.

runsystem(rm julia-cheatsheet.pyg)...executed.

\openout3 = `julia-cheatsheet.pyg'.

runsystem(pygmentize -l julia -f latex -F tokenmerge             -P "verboption
s= " -o julia-cheatsheet.out.pyg julia-cheatsheet.pyg)...executed.


(./julia-cheatsheet.out.pyg)
runsystem(rm julia-cheatsheet.out.pyg)...executed.

runsystem(rm julia-cheatsheet.pyg)...executed.


Overfull \hbox (8.41281pt too wide) in alignment at lines 359--467
 [] [] 
 []


Underfull \vbox (badness 10000) detected at line 467
 []

[4] [5] (./julia-cheatsheet.aux) ) 
Here is how much of TeX's memory you used:
 4608 strings out of 493117
 63263 string characters out of 6135433
 175536 words of memory out of 5000000
 7856 multiletter control sequences out of 15000+600000
 17057 words of font info for 64 fonts, out of 8000000 for 9000
 1141 hyphenation exceptions out of 8191
 37i,13n,37p,333b,419s stack positions out of 5000i,500n,10000p,200000b,80000s
</usr/local/texlive/2014/texmf-dist/fonts/typ
e1/public/amsfonts/cm/cmbx10.pfb></usr/local/texlive/2014/texmf-dist/fonts/type
1/public/amsfonts/cm/cmbx12.pfb></usr/local/texlive/2014/texmf-dist/fonts/type1
/public/amsfonts/cm/cmex10.pfb></usr/local/texlive/2014/texmf-dist/fonts/type1/
public/amsfonts/cm/cmitt10.pfb></usr/local/texlive/2014/texmf-dist/fonts/type1/
public/amsfonts/cm/cmmi10.pfb></usr/local/texlive/2014/texmf-dist/fonts/type1/p
ublic/amsfonts/cm/cmr10.pfb></usr/local/texlive/2014/texmf-dist/fonts/type1/pub
lic/amsfonts/cm/cmsy10.pfb></usr/local/texlive/2014/texmf-dist/fonts/type1/publ
ic/amsfonts/cm/cmtt10.pfb>
Output written on julia-cheatsheet.pdf (5 pages, 110322 bytes).
PDF statistics:
 52 PDF objects out of 1000 (max. 8388607)
 36 compressed objects within 1 object stream
 0 named destinations out of 1000 (max. 500000)
 1 words of extra memory for PDF output out of 10000 (max. 10000000)

